<?xml version="1.0" encoding="utf-8"?><testsuites><testsuite name="pytest" errors="0" failures="0" skipped="0" tests="48" time="0.514" timestamp="2025-01-29T21:59:22.603033-05:00" hostname="PC-Terry"><testcase classname="tests.integration.test_flask_app.Test_flask_app" name="test_about_route" time="0.023" /><testcase classname="tests.integration.test_flask_app.Test_flask_app" name="test_dashboard_route" time="0.006" /><testcase classname="tests.integration.test_flask_app.Test_flask_app" name="test_details_route" time="0.006" /><testcase classname="tests.integration.test_flask_app.Test_flask_app" name="test_history_route" time="0.005" /><testcase classname="tests.integration.test_flask_app.Test_flask_app" name="test_index_route" time="0.006" /><testcase classname="tests.integration.test_flask_app.Test_flask_app" name="test_post_request_index" time="0.003" /><testcase classname="tests.unit.test_alert.TestAlert" name="test_creation_valide[Sortie-Sortie tardive d\xe9tect\xe9e-danger]" time="0.001" /><testcase classname="tests.unit.test_alert.TestAlert" name="test_creation_valide[Inactivit\xe9-Alerte inactivit\xe9-warning]" time="0.001" /><testcase classname="tests.unit.test_alert.TestAlert" name="test_creation_valide[Test-Message de test-success]" time="0.001" /><testcase classname="tests.unit.test_alert.TestAlert" name="test_type_alerte_invalide[123]" time="0.001" /><testcase classname="tests.unit.test_alert.TestAlert" name="test_type_alerte_invalide[type_invalide1]" time="0.000" /><testcase classname="tests.unit.test_alert.TestAlert" name="test_type_alerte_invalide[None]" time="0.000" /><testcase classname="tests.unit.test_alert.TestAlert" name="test_message_invalide[456]" time="0.002" /><testcase classname="tests.unit.test_alert.TestAlert" name="test_message_invalide[message_invalide1]" time="0.000" /><testcase classname="tests.unit.test_alert.TestAlert" name="test_message_invalide[12.34]" time="0.000" /><testcase classname="tests.unit.test_alert.TestAlert" name="test_niveau_gravite_invalide[erreur]" time="0.000" /><testcase classname="tests.unit.test_alert.TestAlert" name="test_niveau_gravite_invalide[critical]" time="0.001" /><testcase classname="tests.unit.test_alert.TestAlert" name="test_niveau_gravite_invalide[123]" time="0.000" /><testcase classname="tests.unit.test_alert.TestAlert" name="test_setter_type_alerte_invalide" time="0.000" /><testcase classname="tests.unit.test_alert.TestAlert" name="test_setter_message_invalide" time="0.000" /><testcase classname="tests.unit.test_alert.TestAlert" name="test_setter_niveau_gravite_valide" time="0.000" /><testcase classname="tests.unit.test_alert.TestAlert" name="test_to_tuple" time="0.000" /><testcase classname="tests.unit.test_mesure.TestMesure" name="test_creation_valide" time="0.000" /><testcase classname="tests.unit.test_mesure.TestMesure" name="test_creation_temperature_invalide[-5]" time="0.000" /><testcase classname="tests.unit.test_mesure.TestMesure" name="test_creation_temperature_invalide[-0.1]" time="0.000" /><testcase classname="tests.unit.test_mesure.TestMesure" name="test_set_temperature_valide" time="0.000" /><testcase classname="tests.unit.test_mesure.TestMesure" name="test_set_temperature_invalide[-1]" time="0.001" /><testcase classname="tests.unit.test_mesure.TestMesure" name="test_set_temperature_invalide[-10]" time="0.001" /><testcase classname="tests.unit.test_mesure.TestMesure" name="test_set_heure_sortie_ajustement" time="0.001" /><testcase classname="tests.unit.test_mesure.TestMesure" name="test_duree_sortie_limites[0]" time="0.000" /><testcase classname="tests.unit.test_mesure.TestMesure" name="test_duree_sortie_limites[100]" time="0.001" /><testcase classname="tests.unit.test_mesure.TestMesure" name="test_heure_sortie_minuit" time="0.001" /><testcase classname="tests.unit.test_mesure.TestMesure" name="test_duree_inactivite_negative" time="0.000" /><testcase classname="tests.unit.test_surveillance.TestSurveillance" name="test_seuils_par_defaut" time="0.000" /><testcase classname="tests.unit.test_surveillance.TestSurveillance" name="test_verifier_temperature[9-Alerte : Temp\xe9rature trop basse!-danger]" time="0.000" /><testcase classname="tests.unit.test_surveillance.TestSurveillance" name="test_verifier_temperature[26-Alerte : Temp\xe9rature trop haute!-danger]" time="0.000" /><testcase classname="tests.unit.test_surveillance.TestSurveillance" name="test_verifier_temperature[15-Temp\xe9rature normale-success]" time="0.000" /><testcase classname="tests.unit.test_surveillance.TestSurveillance" name="test_verifier_temperature[10-Temp\xe9rature normale-success]" time="0.000" /><testcase classname="tests.unit.test_surveillance.TestSurveillance" name="test_verifier_temperature[25-Temp\xe9rature normale-success]" time="0.000" /><testcase classname="tests.unit.test_surveillance.TestSurveillance" name="test_verifier_heure_sortie[23-Alerte : Sortie tardive!-danger]" time="0.000" /><testcase classname="tests.unit.test_surveillance.TestSurveillance" name="test_verifier_heure_sortie[18-Heure de sortie correcte-success]" time="0.000" /><testcase classname="tests.unit.test_surveillance.TestSurveillance" name="test_verifier_heure_sortie[22-Heure de sortie correcte-success]" time="0.000" /><testcase classname="tests.unit.test_surveillance.TestSurveillance" name="test_verifier_duree_sortie[9-Alerte : Sortie prolong\xe9e!-danger]" time="0.001" /><testcase classname="tests.unit.test_surveillance.TestSurveillance" name="test_verifier_duree_sortie[7-Dur\xe9e de sortie correcte-success]" time="0.000" /><testcase classname="tests.unit.test_surveillance.TestSurveillance" name="test_verifier_duree_sortie[8-Dur\xe9e de sortie correcte-success]" time="0.001" /><testcase classname="tests.unit.test_surveillance.TestSurveillance" name="test_verifier_duree_inactivite[3-Alerte : Inactivit\xe9 prolong\xe9e!-danger]" time="0.001" /><testcase classname="tests.unit.test_surveillance.TestSurveillance" name="test_verifier_duree_inactivite[1-Dur\xe9e d'inactivit\xe9 correcte-success]" time="0.002" /><testcase classname="tests.unit.test_surveillance.TestSurveillance" name="test_verifier_duree_inactivite[2-Dur\xe9e d'inactivit\xe9 correcte-success]" time="0.001" /></testsuite></testsuites>